INFO - 2024-06-15 00:04:29 --> Session: Class initialized using 'CodeIgniter\Session\Handlers\FileHandler' driver.
INFO - 2024-06-15 00:04:47 --> CSRF token verified.
ERROR - 2024-06-15 00:04:47 --> Error connecting to the database: mysqli_sql_exception: Unknown database 'ci4' in C:\xampp\htdocs\bsgcmsci\system\Database\MySQLi\Connection.php:184
Stack trace:
#0 C:\xampp\htdocs\bsgcmsci\system\Database\MySQLi\Connection.php(184): mysqli->real_connect('localhost', 'root', Object(SensitiveParameterValue), 'ci4', 3306, '', 0)
#1 C:\xampp\htdocs\bsgcmsci\system\Database\BaseConnection.php(392): CodeIgniter\Database\MySQLi\Connection->connect(false)
#2 C:\xampp\htdocs\bsgcmsci\system\Database\BaseConnection.php(575): CodeIgniter\Database\BaseConnection->initialize()
#3 C:\xampp\htdocs\bsgcmsci\app\Models\SignupModel.php(28): CodeIgniter\Database\BaseConnection->query('select count(*)...')
#4 C:\xampp\htdocs\bsgcmsci\app\Controllers\Home.php(99): App\Models\SignupModel->checkid('cardoc2')
#5 C:\xampp\htdocs\bsgcmsci\system\CodeIgniter.php(941): App\Controllers\Home->signupchk()
#6 C:\xampp\htdocs\bsgcmsci\system\CodeIgniter.php(502): CodeIgniter\CodeIgniter->runController(Object(App\Controllers\Home))
#7 C:\xampp\htdocs\bsgcmsci\system\CodeIgniter.php(361): CodeIgniter\CodeIgniter->handleRequest(NULL, Object(Config\Cache), false)
#8 C:\xampp\htdocs\bsgcmsci\public\index.php(79): CodeIgniter\CodeIgniter->run()
#9 {main}

Next CodeIgniter\Database\Exceptions\DatabaseException: Unknown database 'ci4' in C:\xampp\htdocs\bsgcmsci\system\Database\MySQLi\Connection.php:229
Stack trace:
#0 C:\xampp\htdocs\bsgcmsci\system\Database\BaseConnection.php(392): CodeIgniter\Database\MySQLi\Connection->connect(false)
#1 C:\xampp\htdocs\bsgcmsci\system\Database\BaseConnection.php(575): CodeIgniter\Database\BaseConnection->initialize()
#2 C:\xampp\htdocs\bsgcmsci\app\Models\SignupModel.php(28): CodeIgniter\Database\BaseConnection->query('select count(*)...')
#3 C:\xampp\htdocs\bsgcmsci\app\Controllers\Home.php(99): App\Models\SignupModel->checkid('cardoc2')
#4 C:\xampp\htdocs\bsgcmsci\system\CodeIgniter.php(941): App\Controllers\Home->signupchk()
#5 C:\xampp\htdocs\bsgcmsci\system\CodeIgniter.php(502): CodeIgniter\CodeIgniter->runController(Object(App\Controllers\Home))
#6 C:\xampp\htdocs\bsgcmsci\system\CodeIgniter.php(361): CodeIgniter\CodeIgniter->handleRequest(NULL, Object(Config\Cache), false)
#7 C:\xampp\htdocs\bsgcmsci\public\index.php(79): CodeIgniter\CodeIgniter->run()
#8 {main}
CRITICAL - 2024-06-15 00:04:47 --> CodeIgniter\Database\Exceptions\DatabaseException: Unable to connect to the database.
Main connection [MySQLi]: Unknown database 'ci4'
in SYSTEMPATH\Database\BaseConnection.php on line 428.
 1 SYSTEMPATH\Database\BaseConnection.php(575): CodeIgniter\Database\BaseConnection->initialize()
 2 APPPATH\Models\SignupModel.php(28): CodeIgniter\Database\BaseConnection->query('select count(*) as cnt from crm_user where cid=\'cardoc2\' group by cid')
 3 APPPATH\Controllers\Home.php(99): App\Models\SignupModel->checkid('cardoc2')
 4 SYSTEMPATH\CodeIgniter.php(941): App\Controllers\Home->signupchk()
 5 SYSTEMPATH\CodeIgniter.php(502): CodeIgniter\CodeIgniter->runController(Object(App\Controllers\Home))
 6 SYSTEMPATH\CodeIgniter.php(361): CodeIgniter\CodeIgniter->handleRequest(null, Object(Config\Cache), false)
 7 FCPATH\index.php(79): CodeIgniter\CodeIgniter->run()
CRITICAL - 2024-06-15 00:05:05 --> CodeIgniter\Security\Exceptions\SecurityException: The action you requested is not allowed.
in SYSTEMPATH\Security\Security.php on line 300.
 1 SYSTEMPATH\Security\Security.php(300): CodeIgniter\Security\Exceptions\SecurityException::forDisallowedAction()
 2 SYSTEMPATH\Filters\CSRF.php(56): CodeIgniter\Security\Security->verify(Object(CodeIgniter\HTTP\IncomingRequest))
 3 SYSTEMPATH\Filters\Filters.php(182): CodeIgniter\Filters\CSRF->before(Object(CodeIgniter\HTTP\IncomingRequest), null)
 4 SYSTEMPATH\CodeIgniter.php(474): CodeIgniter\Filters\Filters->run('signupchk', 'before')
 5 SYSTEMPATH\CodeIgniter.php(361): CodeIgniter\CodeIgniter->handleRequest(null, Object(Config\Cache), false)
 6 FCPATH\index.php(79): CodeIgniter\CodeIgniter->run()
CRITICAL - 2024-06-15 01:03:28 --> CodeIgniter\Security\Exceptions\SecurityException: The action you requested is not allowed.
in SYSTEMPATH\Security\Security.php on line 300.
 1 SYSTEMPATH\Security\Security.php(300): CodeIgniter\Security\Exceptions\SecurityException::forDisallowedAction()
 2 SYSTEMPATH\Filters\CSRF.php(56): CodeIgniter\Security\Security->verify(Object(CodeIgniter\HTTP\IncomingRequest))
 3 SYSTEMPATH\Filters\Filters.php(182): CodeIgniter\Filters\CSRF->before(Object(CodeIgniter\HTTP\IncomingRequest), null)
 4 SYSTEMPATH\CodeIgniter.php(474): CodeIgniter\Filters\Filters->run('signupchk', 'before')
 5 SYSTEMPATH\CodeIgniter.php(361): CodeIgniter\CodeIgniter->handleRequest(null, Object(Config\Cache), false)
 6 FCPATH\index.php(79): CodeIgniter\CodeIgniter->run()
INFO - 2024-06-15 01:03:41 --> Session: Class initialized using 'CodeIgniter\Session\Handlers\FileHandler' driver.
INFO - 2024-06-15 01:04:03 --> CSRF token verified.
INFO - 2024-06-15 01:04:36 --> CSRF token verified.
CRITICAL - 2024-06-15 01:04:36 --> ErrorException: Undefined property: App\Controllers\Home::$input
in APPPATH\Controllers\Home.php on line 42.
 1 APPPATH\Controllers\Home.php(42): CodeIgniter\Debug\Exceptions->errorHandler(2, 'Undefined property: App\\Controllers\\Home::$input', 'C:\\xampp\\htdocs\\bsgcmsci\\app\\Controllers\\Home.php', 42)
 2 SYSTEMPATH\CodeIgniter.php(941): App\Controllers\Home->signup()
 3 SYSTEMPATH\CodeIgniter.php(502): CodeIgniter\CodeIgniter->runController(Object(App\Controllers\Home))
 4 SYSTEMPATH\CodeIgniter.php(361): CodeIgniter\CodeIgniter->handleRequest(null, Object(Config\Cache), false)
 5 FCPATH\index.php(79): CodeIgniter\CodeIgniter->run()
INFO - 2024-06-15 01:16:21 --> Session: Class initialized using 'CodeIgniter\Session\Handlers\FileHandler' driver.
INFO - 2024-06-15 01:16:27 --> CSRF token verified.
INFO - 2024-06-15 01:16:34 --> CSRF token verified.
INFO - 2024-06-15 01:16:37 --> Session: Class initialized using 'CodeIgniter\Session\Handlers\FileHandler' driver.
INFO - 2024-06-15 01:16:40 --> CSRF token verified.
INFO - 2024-06-15 01:16:58 --> CSRF token verified.
INFO - 2024-06-15 01:17:05 --> CSRF token verified.
INFO - 2024-06-15 01:35:34 --> CSRF token verified.
CRITICAL - 2024-06-15 01:35:34 --> CodeIgniter\Validation\Exceptions\ValidationException: "required|min_length" is not a valid rule.
in SYSTEMPATH\Validation\Validation.php on line 336.
 1 SYSTEMPATH\Validation\Validation.php(336): CodeIgniter\Validation\Exceptions\ValidationException::forRuleNotFound('required|min_length')
 2 SYSTEMPATH\Validation\Validation.php(200): CodeIgniter\Validation\Validation->processRules('cid', 'cid', 'aa', [...], [...])
 3 APPPATH\Controllers\Home.php(98): CodeIgniter\Validation\Validation->run()
 4 SYSTEMPATH\CodeIgniter.php(941): App\Controllers\Home->signupchk()
 5 SYSTEMPATH\CodeIgniter.php(502): CodeIgniter\CodeIgniter->runController(Object(App\Controllers\Home))
 6 SYSTEMPATH\CodeIgniter.php(361): CodeIgniter\CodeIgniter->handleRequest(null, Object(Config\Cache), false)
 7 FCPATH\index.php(79): CodeIgniter\CodeIgniter->run()
INFO - 2024-06-15 01:40:37 --> Session: Class initialized using 'CodeIgniter\Session\Handlers\FileHandler' driver.
INFO - 2024-06-15 01:40:40 --> CSRF token verified.
INFO - 2024-06-15 01:42:43 --> Session: Class initialized using 'CodeIgniter\Session\Handlers\FileHandler' driver.
INFO - 2024-06-15 01:42:46 --> CSRF token verified.
INFO - 2024-06-15 01:43:20 --> Session: Class initialized using 'CodeIgniter\Session\Handlers\FileHandler' driver.
INFO - 2024-06-15 01:43:22 --> CSRF token verified.
INFO - 2024-06-15 02:10:47 --> Session: Class initialized using 'CodeIgniter\Session\Handlers\FileHandler' driver.
INFO - 2024-06-15 02:10:49 --> CSRF token verified.
INFO - 2024-06-15 02:10:58 --> CSRF token verified.
INFO - 2024-06-15 02:11:38 --> CSRF token verified.
INFO - 2024-06-15 02:11:53 --> CSRF token verified.
INFO - 2024-06-15 02:12:04 --> Session: Class initialized using 'CodeIgniter\Session\Handlers\FileHandler' driver.
INFO - 2024-06-15 02:12:08 --> CSRF token verified.
INFO - 2024-06-15 02:12:14 --> CSRF token verified.
INFO - 2024-06-15 02:30:29 --> CSRF token verified.
CRITICAL - 2024-06-15 02:30:29 --> ParseError: syntax error, unexpected token "else", expecting "function" or "const"
in APPPATH\Controllers\Home.php on line 102.
 1 SYSTEMPATH\Autoloader\Autoloader.php(290): CodeIgniter\Autoloader\Autoloader->includeFile('C:\\xampp\\htdocs\\bsgcmsci\\app\\Controllers\\Home.php')
 2 SYSTEMPATH\Autoloader\Autoloader.php(266): CodeIgniter\Autoloader\Autoloader->loadInNamespace('App\\Controllers\\Home')
 3 [internal function]: CodeIgniter\Autoloader\Autoloader->loadClass('App\\Controllers\\Home')
 4 SYSTEMPATH\CodeIgniter.php(899): class_exists('\\App\\Controllers\\Home', true)
 5 SYSTEMPATH\CodeIgniter.php(489): CodeIgniter\CodeIgniter->startController()
 6 SYSTEMPATH\CodeIgniter.php(361): CodeIgniter\CodeIgniter->handleRequest(null, Object(Config\Cache), false)
 7 FCPATH\index.php(79): CodeIgniter\CodeIgniter->run()
INFO - 2024-06-15 02:30:50 --> Session: Class initialized using 'CodeIgniter\Session\Handlers\FileHandler' driver.
INFO - 2024-06-15 02:30:52 --> CSRF token verified.
INFO - 2024-06-15 02:32:06 --> Session: Class initialized using 'CodeIgniter\Session\Handlers\FileHandler' driver.
INFO - 2024-06-15 02:32:08 --> CSRF token verified.
INFO - 2024-06-15 02:32:40 --> CSRF token verified.
CRITICAL - 2024-06-15 06:12:02 --> CodeIgniter\Security\Exceptions\SecurityException: The action you requested is not allowed.
in SYSTEMPATH\Security\Security.php on line 300.
 1 SYSTEMPATH\Security\Security.php(300): CodeIgniter\Security\Exceptions\SecurityException::forDisallowedAction()
 2 SYSTEMPATH\Filters\CSRF.php(56): CodeIgniter\Security\Security->verify(Object(CodeIgniter\HTTP\IncomingRequest))
 3 SYSTEMPATH\Filters\Filters.php(182): CodeIgniter\Filters\CSRF->before(Object(CodeIgniter\HTTP\IncomingRequest), null)
 4 SYSTEMPATH\CodeIgniter.php(474): CodeIgniter\Filters\Filters->run('signupchk', 'before')
 5 SYSTEMPATH\CodeIgniter.php(361): CodeIgniter\CodeIgniter->handleRequest(null, Object(Config\Cache), false)
 6 FCPATH\index.php(79): CodeIgniter\CodeIgniter->run()
INFO - 2024-06-15 06:13:13 --> Session: Class initialized using 'CodeIgniter\Session\Handlers\FileHandler' driver.
INFO - 2024-06-15 06:13:16 --> CSRF token verified.
INFO - 2024-06-15 06:13:28 --> CSRF token verified.
INFO - 2024-06-15 08:23:44 --> Session: Class initialized using 'CodeIgniter\Session\Handlers\FileHandler' driver.
INFO - 2024-06-15 08:23:47 --> CSRF token verified.
INFO - 2024-06-15 08:23:50 --> CSRF token verified.
INFO - 2024-06-15 08:23:57 --> CSRF token verified.
INFO - 2024-06-15 08:28:08 --> Session: Class initialized using 'CodeIgniter\Session\Handlers\FileHandler' driver.
INFO - 2024-06-15 08:28:12 --> CSRF token verified.
INFO - 2024-06-15 08:28:16 --> CSRF token verified.
CRITICAL - 2024-06-15 08:33:30 --> CodeIgniter\View\Exceptions\ViewException: Invalid file: "ftestfiles/orm_vali.php"
in SYSTEMPATH\Exceptions\FrameworkException.php on line 39.
 1 SYSTEMPATH\View\View.php(216): CodeIgniter\Exceptions\FrameworkException::forInvalidFile('ftestfiles/orm_vali.php')
 2 SYSTEMPATH\Common.php(1178): CodeIgniter\View\View->render('ftestfiles/orm_vali', [], true)
 3 APPPATH\Controllers\test.php(15): view('ftestfiles/orm_vali', [...])
 4 SYSTEMPATH\CodeIgniter.php(941): App\Controllers\test->index()
 5 SYSTEMPATH\CodeIgniter.php(502): CodeIgniter\CodeIgniter->runController(Object(App\Controllers\test))
 6 SYSTEMPATH\CodeIgniter.php(361): CodeIgniter\CodeIgniter->handleRequest(null, Object(Config\Cache), false)
 7 FCPATH\index.php(79): CodeIgniter\CodeIgniter->run()
CRITICAL - 2024-06-15 08:35:08 --> CodeIgniter\View\Exceptions\ViewException: Invalid file: "ftestfiles/orm_vali.php"
in SYSTEMPATH\Exceptions\FrameworkException.php on line 39.
 1 SYSTEMPATH\View\View.php(216): CodeIgniter\Exceptions\FrameworkException::forInvalidFile('ftestfiles/orm_vali.php')
 2 SYSTEMPATH\Common.php(1178): CodeIgniter\View\View->render('ftestfiles/orm_vali', [], true)
 3 APPPATH\Controllers\test.php(15): view('ftestfiles/orm_vali', [...])
 4 SYSTEMPATH\CodeIgniter.php(941): App\Controllers\test->index()
 5 SYSTEMPATH\CodeIgniter.php(502): CodeIgniter\CodeIgniter->runController(Object(App\Controllers\test))
 6 SYSTEMPATH\CodeIgniter.php(361): CodeIgniter\CodeIgniter->handleRequest(null, Object(Config\Cache), false)
 7 FCPATH\index.php(79): CodeIgniter\CodeIgniter->run()
CRITICAL - 2024-06-15 08:35:10 --> CodeIgniter\View\Exceptions\ViewException: Invalid file: "ftestfiles/orm_vali.php"
in SYSTEMPATH\Exceptions\FrameworkException.php on line 39.
 1 SYSTEMPATH\View\View.php(216): CodeIgniter\Exceptions\FrameworkException::forInvalidFile('ftestfiles/orm_vali.php')
 2 SYSTEMPATH\Common.php(1178): CodeIgniter\View\View->render('ftestfiles/orm_vali', [], true)
 3 APPPATH\Controllers\test.php(15): view('ftestfiles/orm_vali', [...])
 4 SYSTEMPATH\CodeIgniter.php(941): App\Controllers\test->index()
 5 SYSTEMPATH\CodeIgniter.php(502): CodeIgniter\CodeIgniter->runController(Object(App\Controllers\test))
 6 SYSTEMPATH\CodeIgniter.php(361): CodeIgniter\CodeIgniter->handleRequest(null, Object(Config\Cache), false)
 7 FCPATH\index.php(79): CodeIgniter\CodeIgniter->run()
CRITICAL - 2024-06-15 08:47:33 --> CodeIgniter\View\Exceptions\ViewException: Invalid file: "ftestfiles/form_vali.php"
in SYSTEMPATH\Exceptions\FrameworkException.php on line 39.
 1 SYSTEMPATH\View\View.php(216): CodeIgniter\Exceptions\FrameworkException::forInvalidFile('ftestfiles/form_vali.php')
 2 SYSTEMPATH\Common.php(1178): CodeIgniter\View\View->render('ftestfiles/form_vali', [], true)
 3 APPPATH\Controllers\test.php(15): view('ftestfiles/form_vali', [...])
 4 SYSTEMPATH\CodeIgniter.php(941): App\Controllers\test->index()
 5 SYSTEMPATH\CodeIgniter.php(502): CodeIgniter\CodeIgniter->runController(Object(App\Controllers\test))
 6 SYSTEMPATH\CodeIgniter.php(361): CodeIgniter\CodeIgniter->handleRequest(null, Object(Config\Cache), false)
 7 FCPATH\index.php(79): CodeIgniter\CodeIgniter->run()
CRITICAL - 2024-06-15 08:47:38 --> CodeIgniter\View\Exceptions\ViewException: Invalid file: "ftestfiles/form_vali.php"
in SYSTEMPATH\Exceptions\FrameworkException.php on line 39.
 1 SYSTEMPATH\View\View.php(216): CodeIgniter\Exceptions\FrameworkException::forInvalidFile('ftestfiles/form_vali.php')
 2 SYSTEMPATH\Common.php(1178): CodeIgniter\View\View->render('ftestfiles/form_vali', [], true)
 3 APPPATH\Controllers\test.php(15): view('ftestfiles/form_vali', [...])
 4 SYSTEMPATH\CodeIgniter.php(941): App\Controllers\test->index()
 5 SYSTEMPATH\CodeIgniter.php(502): CodeIgniter\CodeIgniter->runController(Object(App\Controllers\test))
 6 SYSTEMPATH\CodeIgniter.php(361): CodeIgniter\CodeIgniter->handleRequest(null, Object(Config\Cache), false)
 7 FCPATH\index.php(79): CodeIgniter\CodeIgniter->run()
CRITICAL - 2024-06-15 08:50:01 --> CodeIgniter\Security\Exceptions\SecurityException: The action you requested is not allowed.
in SYSTEMPATH\Security\Security.php on line 300.
 1 SYSTEMPATH\Security\Security.php(300): CodeIgniter\Security\Exceptions\SecurityException::forDisallowedAction()
 2 SYSTEMPATH\Filters\CSRF.php(56): CodeIgniter\Security\Security->verify(Object(CodeIgniter\HTTP\IncomingRequest))
 3 SYSTEMPATH\Filters\Filters.php(182): CodeIgniter\Filters\CSRF->before(Object(CodeIgniter\HTTP\IncomingRequest), null)
 4 SYSTEMPATH\CodeIgniter.php(474): CodeIgniter\Filters\Filters->run('formv', 'before')
 5 SYSTEMPATH\CodeIgniter.php(361): CodeIgniter\CodeIgniter->handleRequest(null, Object(Config\Cache), false)
 6 FCPATH\index.php(79): CodeIgniter\CodeIgniter->run()
CRITICAL - 2024-06-15 09:53:08 --> CodeIgniter\Security\Exceptions\SecurityException: The action you requested is not allowed.
in SYSTEMPATH\Security\Security.php on line 300.
 1 SYSTEMPATH\Security\Security.php(300): CodeIgniter\Security\Exceptions\SecurityException::forDisallowedAction()
 2 SYSTEMPATH\Filters\CSRF.php(56): CodeIgniter\Security\Security->verify(Object(CodeIgniter\HTTP\IncomingRequest))
 3 SYSTEMPATH\Filters\Filters.php(182): CodeIgniter\Filters\CSRF->before(Object(CodeIgniter\HTTP\IncomingRequest), null)
 4 SYSTEMPATH\CodeIgniter.php(474): CodeIgniter\Filters\Filters->run('formv', 'before')
 5 SYSTEMPATH\CodeIgniter.php(361): CodeIgniter\CodeIgniter->handleRequest(null, Object(Config\Cache), false)
 6 FCPATH\index.php(79): CodeIgniter\CodeIgniter->run()
INFO - 2024-06-15 09:54:43 --> CSRF token verified.
INFO - 2024-06-15 09:54:49 --> CSRF token verified.
CRITICAL - 2024-06-15 10:03:41 --> CodeIgniter\Security\Exceptions\SecurityException: The action you requested is not allowed.
in SYSTEMPATH\Security\Security.php on line 300.
 1 SYSTEMPATH\Security\Security.php(300): CodeIgniter\Security\Exceptions\SecurityException::forDisallowedAction()
 2 SYSTEMPATH\Filters\CSRF.php(56): CodeIgniter\Security\Security->verify(Object(CodeIgniter\HTTP\IncomingRequest))
 3 SYSTEMPATH\Filters\Filters.php(182): CodeIgniter\Filters\CSRF->before(Object(CodeIgniter\HTTP\IncomingRequest), null)
 4 SYSTEMPATH\CodeIgniter.php(474): CodeIgniter\Filters\Filters->run('formv', 'before')
 5 SYSTEMPATH\CodeIgniter.php(361): CodeIgniter\CodeIgniter->handleRequest(null, Object(Config\Cache), false)
 6 FCPATH\index.php(79): CodeIgniter\CodeIgniter->run()
INFO - 2024-06-15 10:03:50 --> CSRF token verified.
INFO - 2024-06-15 10:03:55 --> CSRF token verified.
INFO - 2024-06-15 10:37:01 --> Session: Class initialized using 'CodeIgniter\Session\Handlers\FileHandler' driver.
INFO - 2024-06-15 10:37:13 --> CSRF token verified.
INFO - 2024-06-15 10:37:35 --> CSRF token verified.
INFO - 2024-06-15 10:37:36 --> Session: Class initialized using 'CodeIgniter\Session\Handlers\FileHandler' driver.
